# JRE version: OpenJDK Runtime Environment Corretto-21.0.5.11.1 (21.0.5+11) (build 21.0.5+11-LTS)
# Java VM: OpenJDK 64-Bit Server VM Corretto-21.0.5.11.1 (21.0.5+11-LTS, mixed mode, sharing, tiered, compressed oops, compressed class ptrs, g1 gc, windows-amd64)
GC Precious Log:
 CardTable entry size: 512
 Card Set container configuration: InlinePtr #cards 5 size 8 Array Of Cards #cards 12 size 40 Howl #buckets 4 coarsen threshold 1843 Howl Bitmap #cards 512 size 80 coarsen threshold 460 Card regions per heap region 1 cards per card region 2048
 CPUs: 12 total, 12 available
 Memory: 16308M
 Large Page Support: Disabled
 NUMA Support: Disabled
 Compressed Oops: Enabled (32-bit)
 Heap Region Size: 1M
 Heap Min Capacity: 256M
 Heap Initial Capacity: 256M
 Heap Max Capacity: 512M
 Pre-touch: Disabled
 Parallel Workers: 10
 Concurrent Workers: 3
 Concurrent Refinement Workers: 10
 Periodic GC: Disabled
Heap:
 garbage-first heap   total 262144K, used 143832K [0x00000000e0000000, 0x0000000100000000)
  region size 1024K, 96 young (98304K), 20 survivors (20480K)
 Metaspace       used 54680K, committed 56576K, reserved 393216K
  class space    used 7834K, committed 8768K, reserved 327680K
GC Heap History (16 events):
Event: 0.377 GC heap before
{Heap before GC invocations=0 (full 0):
 garbage-first heap   total 262144K, used 22528K [0x00000000e0000000, 0x0000000100000000)
  region size 1024K, 23 young (23552K), 0 survivors (0K)
 Metaspace       used 1110K, committed 1216K, reserved 393216K
  class space    used 77K, committed 128K, reserved 327680K
}
Event: 0.379 GC heap after
{Heap after GC invocations=1 (full 0):
 garbage-first heap   total 262144K, used 5057K [0x00000000e0000000, 0x0000000100000000)
  region size 1024K, 3 young (3072K), 3 survivors (3072K)
 Metaspace       used 1110K, committed 1216K, reserved 393216K
  class space    used 77K, committed 128K, reserved 327680K
}
Event: 0.824 GC heap before
{Heap before GC invocations=1 (full 0):
 garbage-first heap   total 262144K, used 41921K [0x00000000e0000000, 0x0000000100000000)
  region size 1024K, 35 young (35840K), 3 survivors (3072K)
 Metaspace       used 4359K, committed 4544K, reserved 393216K
  class space    used 532K, committed 640K, reserved 327680K
}
Event: 0.827 GC heap after
{Heap after GC invocations=2 (full 0):
 garbage-first heap   total 262144K, used 12049K [0x00000000e0000000, 0x0000000100000000)
  region size 1024K, 4 young (4096K), 4 survivors (4096K)
 Metaspace       used 4359K, committed 4544K, reserved 393216K
  class space    used 532K, committed 640K, reserved 327680K
}
Event: 1.339 GC heap before
{Heap before GC invocations=2 (full 0):
 garbage-first heap   total 262144K, used 60177K [0x00000000e0000000, 0x0000000100000000)
  region size 1024K, 50 young (51200K), 4 survivors (4096K)
 Metaspace       used 6038K, committed 6336K, reserved 393216K
  class space    used 769K, committed 896K, reserved 327680K
}
Event: 1.343 GC heap after
{Heap after GC invocations=3 (full 0):
 garbage-first heap   total 262144K, used 18796K [0x00000000e0000000, 0x0000000100000000)
  region size 1024K, 7 young (7168K), 7 survivors (7168K)
 Metaspace       used 6038K, committed 6336K, reserved 393216K
  class space    used 769K, committed 896K, reserved 327680K
}
Event: 2.508 GC heap before
{Heap before GC invocations=3 (full 0):
 garbage-first heap   total 262144K, used 101740K [0x00000000e0000000, 0x0000000100000000)
  region size 1024K, 89 young (91136K), 7 survivors (7168K)
 Metaspace       used 20854K, committed 21504K, reserved 393216K
  class space    used 2965K, committed 3328K, reserved 327680K
}
Event: 2.513 GC heap after
{Heap after GC invocations=4 (full 0):
 garbage-first heap   total 262144K, used 24783K [0x00000000e0000000, 0x0000000100000000)
  region size 1024K, 13 young (13312K), 13 survivors (13312K)
 Metaspace       used 20854K, committed 21504K, reserved 393216K
  class space    used 2965K, committed 3328K, reserved 327680K
}
Event: 3.561 GC heap before
{Heap before GC invocations=5 (full 0):
 garbage-first heap   total 262144K, used 143567K [0x00000000e0000000, 0x0000000100000000)
  region size 1024K, 120 young (122880K), 13 survivors (13312K)
 Metaspace       used 34563K, committed 35968K, reserved 393216K
  class space    used 5084K, committed 5824K, reserved 327680K
}
Event: 3.568 GC heap after
{Heap after GC invocations=6 (full 0):
 garbage-first heap   total 262144K, used 44837K [0x00000000e0000000, 0x0000000100000000)
  region size 1024K, 19 young (19456K), 19 survivors (19456K)
 Metaspace       used 34563K, committed 35968K, reserved 393216K
  class space    used 5084K, committed 5824K, reserved 327680K
}
Event: 3.577 GC heap before
{Heap before GC invocations=6 (full 0):
 garbage-first heap   total 262144K, used 45861K [0x00000000e0000000, 0x0000000100000000)
  region size 1024K, 21 young (21504K), 19 survivors (19456K)
 Metaspace       used 34916K, committed 36288K, reserved 393216K
  class space    used 5116K, committed 5824K, reserved 327680K
}
Event: 3.583 GC heap after
{Heap after GC invocations=7 (full 0):
 garbage-first heap   total 262144K, used 44920K [0x00000000e0000000, 0x0000000100000000)
  region size 1024K, 10 young (10240K), 10 survivors (10240K)
 Metaspace       used 34916K, committed 36288K, reserved 393216K
  class space    used 5116K, committed 5824K, reserved 327680K
}
Event: 3.592 GC heap before
{Heap before GC invocations=7 (full 0):
 garbage-first heap   total 262144K, used 44920K [0x00000000e0000000, 0x0000000100000000)
  region size 1024K, 11 young (11264K), 10 survivors (10240K)
 Metaspace       used 35265K, committed 36608K, reserved 393216K
  class space    used 5160K, committed 5888K, reserved 327680K
}
Event: 3.594 GC heap after
{Heap after GC invocations=8 (full 0):
 garbage-first heap   total 262144K, used 44975K [0x00000000e0000000, 0x0000000100000000)
  region size 1024K, 10 young (10240K), 10 survivors (10240K)
 Metaspace       used 35265K, committed 36608K, reserved 393216K
  class space    used 5160K, committed 5888K, reserved 327680K
}
Event: 4.922 GC heap before
{Heap before GC invocations=9 (full 0):
 garbage-first heap   total 262144K, used 206767K [0x00000000e0000000, 0x0000000100000000)
  region size 1024K, 153 young (156672K), 10 survivors (10240K)
 Metaspace       used 48607K, committed 50368K, reserved 393216K
  class space    used 6858K, committed 7744K, reserved 327680K
}
Event: 4.931 GC heap after
{Heap after GC invocations=10 (full 0):
 garbage-first heap   total 262144K, used 67032K [0x00000000e0000000, 0x0000000100000000)
  region size 1024K, 20 young (20480K), 20 survivors (20480K)
 Metaspace       used 48607K, committed 50368K, reserved 393216K
  class space    used 6858K, committed 7744K, reserved 327680K
}

